Build started 9/25/2014 10:47:14 AM.
     1>Project "C:\Users\malin\documents\visual studio 2010\Projects\AI_1\AI_1\AI_1.vcxproj" on node 2 (build target(s)).
     1>InitializeBuildStatus:
         Creating "Debug\AI_1.unsuccessfulbuild" because "AlwaysCreate" was specified.
       ClCompile:
         C:\Program Files (x86)\Microsoft Visual Studio 10.0\VC\bin\CL.exe /c /ZI /nologo /W3 /WX- /Od /Oy- /D WIN32 /D _DEBUG /D _CONSOLE /D _UNICODE /D UNICODE /Gm /EHsc /RTC1 /MDd /GS /fp:precise /Zc:wchar_t /Zc:forScope /Fo"Debug\\" /Fd"Debug\vc100.pdb" /Gd /TP /analyze- /errorReport:prompt AI_1.cpp
         AI_1.cpp
       ManifestResourceCompile:
         All outputs are up-to-date.
       Link:
         C:\Program Files (x86)\Microsoft Visual Studio 10.0\VC\bin\link.exe /ERRORREPORT:PROMPT /OUT:"C:\Users\malin\documents\visual studio 2010\Projects\AI_1\Debug\AI_1.exe" /INCREMENTAL /NOLOGO kernel32.lib user32.lib gdi32.lib winspool.lib comdlg32.lib advapi32.lib shell32.lib ole32.lib oleaut32.lib uuid.lib odbc32.lib odbccp32.lib /MANIFEST /ManifestFile:"Debug\AI_1.exe.intermediate.manifest" /MANIFESTUAC:"level='asInvoker' uiAccess='false'" /DEBUG /PDB:"C:\Users\malin\documents\visual studio 2010\Projects\AI_1\Debug\AI_1.pdb" /SUBSYSTEM:CONSOLE /TLBID:1 /DYNAMICBASE /NXCOMPAT /IMPLIB:"C:\Users\malin\documents\visual studio 2010\Projects\AI_1\Debug\AI_1.lib" /MACHINE:X86 Debug\AI_1.exe.embed.manifest.res
         Debug\AI_1.obj
         Debug\stdafx.obj
       Manifest:
         C:\Program Files (x86)\Microsoft SDKs\Windows\v7.0A\bin\mt.exe /nologo /verbose /out:"Debug\AI_1.exe.embed.manifest" /manifest Debug\AI_1.exe.intermediate.manifest
         All outputs are up-to-date.
       LinkEmbedManifest:
         All outputs are up-to-date.
         AI_1.vcxproj -> C:\Users\malin\documents\visual studio 2010\Projects\AI_1\Debug\AI_1.exe
       FinalizeBuildStatus:
         Deleting file "Debug\AI_1.unsuccessfulbuild".
         Touching "Debug\AI_1.lastbuildstate".
     1>Done Building Project "C:\Users\malin\documents\visual studio 2010\Projects\AI_1\AI_1\AI_1.vcxproj" (build target(s)).

Build succeeded.

Time Elapsed 00:00:02.34
